<?xml version="1.0" encoding="UTF-8" ?>
<testsuite tests="11" failures="11" name="org.example.pruebaUnitariaTest" time="0.071" errors="0" skipped="0">
  <properties>
[...]
</properties>
  <testcase classname="org.example.pruebaUnitariaTest" name="org.example.pruebaUnitariaTest.testSumar" time="0.005">
    <failure message="Cannot invoke &quot;org.example.PruebaUnitaria.sumar(int, int)&quot; because &quot;this.pruebaUnitaria&quot; is null" type="java.lang.NullPointerException">java.lang.NullPointerException: Cannot invoke &quot;org.example.PruebaUnitaria.sumar(int, int)&quot; because &quot;this.pruebaUnitaria&quot; is null
	at org.example.pruebaUnitariaTest.testSumar(pruebaUnitariaTest.java:37)
</failure>
  </testcase>
  <testcase classname="org.example.pruebaUnitariaTest" name="org.example.pruebaUnitariaTest.testEsPrimo" time="0.002">
    <failure message="Cannot invoke &quot;org.example.PruebaUnitaria.esPrimo(int)&quot; because &quot;this.pruebaUnitaria&quot; is null" type="java.lang.NullPointerException">java.lang.NullPointerException: Cannot invoke &quot;org.example.PruebaUnitaria.esPrimo(int)&quot; because &quot;this.pruebaUnitaria&quot; is null
	at org.example.pruebaUnitariaTest.testEsPrimo(pruebaUnitariaTest.java:154)
</failure>
  </testcase>
  <testcase classname="org.example.pruebaUnitariaTest" name="org.example.pruebaUnitariaTest.testContarLetrasA" time="0">
    <failure message="Cannot invoke &quot;org.example.PruebaUnitaria.contarLetrasA(String)&quot; because &quot;this.pruebaUnitaria&quot; is null" type="java.lang.NullPointerException">java.lang.NullPointerException: Cannot invoke &quot;org.example.PruebaUnitaria.contarLetrasA(String)&quot; because &quot;this.pruebaUnitaria&quot; is null
	at org.example.pruebaUnitariaTest.testContarLetrasA(pruebaUnitariaTest.java:89)
</failure>
  </testcase>
  <testcase classname="org.example.pruebaUnitariaTest" name="org.example.pruebaUnitariaTest.testCheckPositivos" time="0">
    <failure message="Cannot invoke &quot;org.example.PruebaUnitaria.checkPositivo(int)&quot; because &quot;this.pruebaUnitaria&quot; is null" type="java.lang.NullPointerException">java.lang.NullPointerException: Cannot invoke &quot;org.example.PruebaUnitaria.checkPositivo(int)&quot; because &quot;this.pruebaUnitaria&quot; is null
	at org.example.pruebaUnitariaTest.testCheckPositivos(pruebaUnitariaTest.java:55)
</failure>
  </testcase>
  <testcase classname="org.example.pruebaUnitariaTest" name="org.example.pruebaUnitariaTest.testCheckNegativo" time="0.051">
    <failure message="Unexpected exception type thrown, expected: &lt;java.lang.IllegalArgumentException&gt; but was: &lt;java.lang.NullPointerException&gt;" type="org.opentest4j.AssertionFailedError">org.opentest4j.AssertionFailedError: Unexpected exception type thrown, expected: &lt;java.lang.IllegalArgumentException&gt; but was: &lt;java.lang.NullPointerException&gt;
	at org.junit.jupiter.api.AssertionFailureBuilder.build(AssertionFailureBuilder.java:151)
	at org.junit.jupiter.api.AssertThrows.assertThrows(AssertThrows.java:67)
	at org.junit.jupiter.api.AssertThrows.assertThrows(AssertThrows.java:35)
	at org.junit.jupiter.api.Assertions.assertThrows(Assertions.java:3128)
	at org.example.pruebaUnitariaTest.testCheckNegativo(pruebaUnitariaTest.java:72)
Caused by: java.lang.NullPointerException: Cannot invoke &quot;org.example.PruebaUnitaria.checkPositivo(int)&quot; because &quot;this.pruebaUnitaria&quot; is null
	at org.example.pruebaUnitariaTest.lambda$testCheckNegativo$0(pruebaUnitariaTest.java:73)
	at org.junit.jupiter.api.AssertThrows.assertThrows(AssertThrows.java:53)
	... 21 more
</failure>
  </testcase>
  <testcase classname="org.example.pruebaUnitariaTest" name="org.example.pruebaUnitariaTest.testesMenorAUno" time="0.007">
    <failure message="Cannot invoke &quot;org.example.PruebaUnitaria.esPrimo(int)&quot; because &quot;this.pruebaUnitaria&quot; is null" type="java.lang.NullPointerException">java.lang.NullPointerException: Cannot invoke &quot;org.example.PruebaUnitaria.esPrimo(int)&quot; because &quot;this.pruebaUnitaria&quot; is null
	at org.example.pruebaUnitariaTest.testesMenorAUno(pruebaUnitariaTest.java:166)
</failure>
  </testcase>
  <testcase classname="org.example.pruebaUnitariaTest" name="org.example.pruebaUnitariaTest.testNoEsPrimo" time="0">
    <failure message="Cannot invoke &quot;org.example.PruebaUnitaria.esPrimo(int)&quot; because &quot;this.pruebaUnitaria&quot; is null" type="java.lang.NullPointerException">java.lang.NullPointerException: Cannot invoke &quot;org.example.PruebaUnitaria.esPrimo(int)&quot; because &quot;this.pruebaUnitaria&quot; is null
	at org.example.pruebaUnitariaTest.testNoEsPrimo(pruebaUnitariaTest.java:179)
</failure>
  </testcase>
  <testcase classname="org.example.pruebaUnitariaTest" name="org.example.pruebaUnitariaTest.testFactorial" time="0.002">
    <failure message="Cannot invoke &quot;org.example.PruebaUnitaria.factorial(int)&quot; because &quot;this.pruebaUnitaria&quot; is null" type="java.lang.NullPointerException">java.lang.NullPointerException: Cannot invoke &quot;org.example.PruebaUnitaria.factorial(int)&quot; because &quot;this.pruebaUnitaria&quot; is null
	at org.example.pruebaUnitariaTest.testFactorial(pruebaUnitariaTest.java:130)
</failure>
  </testcase>
  <testcase classname="org.example.pruebaUnitariaTest" name="org.example.pruebaUnitariaTest.testRevertirCadena" time="0.001">
    <failure message="Cannot invoke &quot;org.example.PruebaUnitaria.revertirCadena(String)&quot; because &quot;this.pruebaUnitaria&quot; is null" type="java.lang.NullPointerException">java.lang.NullPointerException: Cannot invoke &quot;org.example.PruebaUnitaria.revertirCadena(String)&quot; because &quot;this.pruebaUnitaria&quot; is null
	at org.example.pruebaUnitariaTest.testRevertirCadena(pruebaUnitariaTest.java:117)
</failure>
  </testcase>
  <testcase classname="org.example.pruebaUnitariaTest" name="org.example.pruebaUnitariaTest.testContieneElemento" time="0.003">
    <failure message="Cannot invoke &quot;org.example.PruebaUnitaria.contieneElemento(java.util.List, String)&quot; because &quot;this.pruebaUnitaria&quot; is null" type="java.lang.NullPointerException">java.lang.NullPointerException: Cannot invoke &quot;org.example.PruebaUnitaria.contieneElemento(java.util.List, String)&quot; because &quot;this.pruebaUnitaria&quot; is null
	at org.example.pruebaUnitariaTest.testContieneElemento(pruebaUnitariaTest.java:104)
</failure>
  </testcase>
  <testcase classname="org.example.pruebaUnitariaTest" name="org.example.pruebaUnitariaTest.testFactorialMenosACero" time="0">
    <failure message="Unexpected exception type thrown, expected: &lt;java.lang.IllegalArgumentException&gt; but was: &lt;java.lang.NullPointerException&gt;" type="org.opentest4j.AssertionFailedError">org.opentest4j.AssertionFailedError: Unexpected exception type thrown, expected: &lt;java.lang.IllegalArgumentException&gt; but was: &lt;java.lang.NullPointerException&gt;
	at org.junit.jupiter.api.AssertionFailureBuilder.build(AssertionFailureBuilder.java:151)
	at org.junit.jupiter.api.AssertThrows.assertThrows(AssertThrows.java:67)
	at org.junit.jupiter.api.AssertThrows.assertThrows(AssertThrows.java:35)
	at org.junit.jupiter.api.Assertions.assertThrows(Assertions.java:3128)
	at org.example.pruebaUnitariaTest.testFactorialMenosACero(pruebaUnitariaTest.java:143)
Caused by: java.lang.NullPointerException: Cannot invoke &quot;org.example.PruebaUnitaria.factorial(int)&quot; because &quot;this.pruebaUnitaria&quot; is null
	at org.example.pruebaUnitariaTest.lambda$testFactorialMenosACero$1(pruebaUnitariaTest.java:144)
	at org.junit.jupiter.api.AssertThrows.assertThrows(AssertThrows.java:53)
	... 21 more
</failure>
  </testcase>
</testsuite>